<?xml version="1.0" encoding="UTF-8"?>
<testng-results ignored="0" total="1" passed="1" failed="0" skipped="0">
  <reporter-output>
  </reporter-output>
  <suite started-at="2025-09-14T02:10:24 CEST" name="Default suite" finished-at="2025-09-14T02:10:31 CEST" duration-ms="6913">
    <groups>
    </groups>
    <test started-at="2025-09-14T02:10:24 CEST" name="Default test" finished-at="2025-09-14T02:10:31 CEST" duration-ms="6913">
      <class name="com.tests.LoginTest">
        <test-method is-config="true" signature="setup()[pri:0, instance:com.tests.LoginTest@14dd7b39]" started-at="2025-09-14T02:10:24 CEST" name="setup" finished-at="2025-09-14T02:10:28 CEST" duration-ms="3165" status="PASS">
          <reporter-output>
          </reporter-output>
        </test-method> <!-- setup -->
        <test-method is-config="true" signature="setUpTest(org.testng.ITestResult)[pri:0, instance:com.tests.LoginTest@14dd7b39]" started-at="2025-09-14T02:10:28 CEST" name="setUpTest" finished-at="2025-09-14T02:10:28 CEST" duration-ms="135" status="PASS">
          <params>
            <param index="0">
              <value>
                <![CDATA[[TestResult name={null} status=CREATED method=LoginTest.failedLoginTest()[pri:1, instance:com.tests.LoginTest@14dd7b39] output={null}]]]>
              </value>
            </param>
          </params>
          <reporter-output>
          </reporter-output>
        </test-method> <!-- setUpTest -->
        <test-method signature="failedLoginTest()[pri:1, instance:com.tests.LoginTest@14dd7b39]" started-at="2025-09-14T02:10:28 CEST" name="failedLoginTest" finished-at="2025-09-14T02:10:28 CEST" duration-ms="631" status="PASS">
          <reporter-output>
          </reporter-output>
        </test-method> <!-- failedLoginTest -->
        <test-method is-config="true" signature="tearDownMethod(org.testng.ITestResult)[pri:0, instance:com.tests.LoginTest@14dd7b39]" started-at="2025-09-14T02:10:28 CEST" name="tearDownMethod" finished-at="2025-09-14T02:10:29 CEST" duration-ms="156" status="PASS">
          <params>
            <param index="0">
              <value>
                <![CDATA[[TestResult name=failedLoginTest status=SUCCESS method=LoginTest.failedLoginTest()[pri:1, instance:com.tests.LoginTest@14dd7b39] output={null}]]]>
              </value>
            </param>
          </params>
          <reporter-output>
          </reporter-output>
        </test-method> <!-- tearDownMethod -->
        <test-method is-config="true" signature="tearDownTest()[pri:0, instance:com.tests.LoginTest@14dd7b39]" started-at="2025-09-14T02:10:29 CEST" name="tearDownTest" finished-at="2025-09-14T02:10:31 CEST" duration-ms="2678" status="PASS">
          <reporter-output>
          </reporter-output>
        </test-method> <!-- tearDownTest -->
      </class> <!-- com.tests.LoginTest -->
    </test> <!-- Default test -->
  </suite> <!-- Default suite -->
</testng-results>
